<?xml version="1.0" encoding="UTF-8"?>
<!-- Generated by org.testng.reporters.JUnitReportReporter -->
<testsuite skipped="0" hostname="INHYNRBORA1" name="getRequest.getData" tests="2" failures="0" timestamp="22 Jan 2019 07:25:39 GMT" time="6.495" errors="0">
  <testcase name="testResposeCode" time="1.017" classname="getRequest.getData"/>
  <testcase name="testResponceBody" time="5.478" classname="getRequest.getData"/>
</testsuite> <!-- getRequest.getData -->
